<?xml version="1.0" encoding="UTF-8"?>
<!-- Generated by org.testng.reporters.JUnitReportReporter -->
<testsuite hostname="VDQADEV01-P7UPP" name="org.roommanager.admin.test.login.Login" tests="1" failures="0" timestamp="18 Jun 2015 00:25:53 GMT" time="5.678" errors="0">
  <testcase name="testLogin" time="5.678" classname="org.roommanager.admin.test.login.Login"/>
</testsuite> <!-- org.roommanager.admin.test.login.Login -->
