<?xml version="1.0" encoding="UTF-8"?>
<!-- Generated by org.testng.reporters.JUnitReportReporter -->
<testsuite hostname="VDQADEV01-P7UPP" name="org.roommanager.test.admin.login.Login" tests="1" failures="0" timestamp="18 Jun 2015 14:19:04 GMT" time="4.633" errors="0">
  <testcase name="testLogin" time="4.633" classname="org.roommanager.test.admin.login.Login"/>
</testsuite> <!-- org.roommanager.test.admin.login.Login -->
