<?xml version="1.0" encoding="UTF-8"?>
<!-- Generated by org.testng.reporters.JUnitReportReporter -->
<testsuite hostname="VDQADEV01-P7UPP" name="org.roommanager.admin.test.locations.UpdateLocation" tests="1" failures="0" timestamp="18 Jun 2015 02:38:52 GMT" time="6.595" errors="0">
  <testcase name="updateLocation" time="6.595" classname="org.roommanager.admin.test.locations.UpdateLocation"/>
</testsuite> <!-- org.roommanager.admin.test.locations.UpdateLocation -->
