<?xml version="1.0" encoding="UTF-8"?>
<!-- Generated by org.testng.reporters.JUnitReportReporter -->
<testsuite hostname="VDQADEV01-P7UPP" name="org.roommanager.test.locations.Locations" tests="1" failures="0" timestamp="17 Jun 2015 01:51:08 GMT" time="36.863" errors="0">
  <testcase name="createLocation" time="36.863" classname="org.roommanager.test.locations.Locations"/>
</testsuite> <!-- org.roommanager.test.locations.Locations -->
