<?xml version="1.0" encoding="UTF-8"?>
<!-- Generated by org.testng.reporters.JUnitReportReporter -->
<testsuite hostname="VDQADEV01-P7UPP" name="org.roommanager.test.admin.resources.DeleteResource" tests="1" failures="0" timestamp="19 Jun 2015 23:07:37 GMT" time="10.985" errors="0">
  <testcase name="deleteResource" time="10.985" classname="org.roommanager.test.admin.resources.DeleteResource"/>
</testsuite> <!-- org.roommanager.test.admin.resources.DeleteResource -->
