<?xml version="1.0" encoding="UTF-8"?>
<!-- Generated by org.testng.reporters.JUnitReportReporter -->
<testsuite hostname="VDQADEV01-P7UPP" name="org.roommanager.test.admin.locations.DeleteLocation" tests="1" failures="0" timestamp="19 Jun 2015 19:05:29 GMT" time="3.462" errors="0">
  <testcase name="deleteLocation" time="3.462" classname="org.roommanager.test.admin.locations.DeleteLocation"/>
</testsuite> <!-- org.roommanager.test.admin.locations.DeleteLocation -->
