<?xml version="1.0" encoding="UTF-8"?>
<!-- Generated by org.testng.reporters.JUnitReportReporter -->
<testsuite hostname="VDQADEV01-P7UPP" name="org.roommanager.test.locations.DeleteLocation" tests="1" failures="0" timestamp="17 Jun 2015 17:57:58 GMT" time="3.966" errors="0">
  <testcase name="deleteLocation" time="3.966" classname="org.roommanager.test.locations.DeleteLocation"/>
</testsuite> <!-- org.roommanager.test.locations.DeleteLocation -->
