<?xml version="1.0" encoding="UTF-8"?>
<!-- Generated by org.testng.reporters.JUnitReportReporter -->
<testsuite hostname="VDQADEV01-P7UPP" name="org.roommanager.admin.test.locations.DeleteLocation" tests="1" failures="0" timestamp="18 Jun 2015 01:02:09 GMT" time="4.114" errors="0">
  <testcase name="deleteLocation" time="4.114" classname="org.roommanager.admin.test.locations.DeleteLocation"/>
</testsuite> <!-- org.roommanager.admin.test.locations.DeleteLocation -->
