<?xml version="1.0" encoding="UTF-8"?>
<!-- Generated by org.testng.reporters.JUnitReportReporter -->
<testsuite hostname="VDQADEV01-P7UPP" name="org.roommanager.test.admin.confRoom.UpdateRoom" tests="1" failures="0" timestamp="20 Jun 2015 01:30:56 GMT" time="6.489" errors="0">
  <testcase name="testUpdateRooms" time="6.489" classname="org.roommanager.test.admin.confRoom.UpdateRoom"/>
</testsuite> <!-- org.roommanager.test.admin.confRoom.UpdateRoom -->
