<?xml version="1.0" encoding="UTF-8"?>
<!-- Generated by org.testng.reporters.JUnitReportReporter -->
<testsuite hostname="VDQADEV01-P7UPP" name="org.roommanager.test.admin.resources.CreateResource" tests="1" failures="0" timestamp="19 Jun 2015 22:34:20 GMT" time="13.353" errors="0">
  <testcase name="createResource" time="13.353" classname="org.roommanager.test.admin.resources.CreateResource"/>
</testsuite> <!-- org.roommanager.test.admin.resources.CreateResource -->
