<?xml version="1.0" encoding="UTF-8"?>
<!-- Generated by org.testng.reporters.JUnitReportReporter -->
<testsuite hostname="VDQADEV01-P7UPP" name="org.roommanager.test.locations.CreateLocations" tests="1" failures="0" timestamp="17 Jun 2015 15:52:05 GMT" time="9.981" errors="0">
  <testcase name="createLocation" time="9.981" classname="org.roommanager.test.locations.CreateLocations"/>
</testsuite> <!-- org.roommanager.test.locations.CreateLocations -->
