<?xml version="1.0" encoding="UTF-8"?>
<!-- Generated by org.testng.reporters.JUnitReportReporter -->
<testsuite hostname="VDQADEV01-P7UPP" name="org.roommanager.test.login.Login" tests="1" failures="0" timestamp="17 Jun 2015 12:59:01 GMT" time="4.729" errors="0">
  <testcase name="testLogin" time="4.729" classname="org.roommanager.test.login.Login"/>
</testsuite> <!-- org.roommanager.test.login.Login -->
