<?xml version="1.0" encoding="UTF-8"?>
<!-- Generated by org.testng.reporters.JUnitReportReporter -->
<testsuite hostname="VDQADEV01-P7UPP" name="org.roommanager.test.admin.locations.UpdateLocation" tests="1" failures="0" timestamp="18 Jun 2015 14:19:04 GMT" time="36.415" errors="0">
  <testcase name="updateLocation" time="36.415" classname="org.roommanager.test.admin.locations.UpdateLocation"/>
</testsuite> <!-- org.roommanager.test.admin.locations.UpdateLocation -->
