<?xml version="1.0" encoding="UTF-8"?>
<!-- Generated by org.testng.reporters.JUnitReportReporter -->
<testsuite hostname="VDQADEV01-P7UPP" name="org.roommanager.test.admin.locations.CreateLocations" tests="1" failures="0" timestamp="24 Jun 2015 13:02:35 GMT" time="8.379" errors="0">
  <testcase name="createLocation" time="8.379" classname="org.roommanager.test.admin.locations.CreateLocations"/>
</testsuite> <!-- org.roommanager.test.admin.locations.CreateLocations -->
